<?xml version="1.0" encoding="UTF-8"?>
<testsuite name="logic.GameEngineTest" tests="59" skipped="0" failures="1" errors="0" timestamp="2019-12-11T13:39:44" hostname="Kamil-PC" time="0.235">
  <properties/>
  <testcase name="isCurrentPlayerLastTest_expectsTrue()" classname="logic.GameEngineTest" time="0.0"/>
  <testcase name="getHighestBetTest_betThenFailedBet_expects10()" classname="logic.GameEngineTest" time="0.007"/>
  <testcase name="currentPlayerBetTest_expectsFalse()" classname="logic.GameEngineTest" time="0.002"/>
  <testcase name="isBettingDoneTest_BetThenRaiseThenCall_expectsTrue()" classname="logic.GameEngineTest" time="0.001"/>
  <testcase name="determineHandStrengthTestFullHouse()" classname="logic.GameEngineTest" time="0.002"/>
  <testcase name="currentPlayerBetTest_bettingLessThanPreviousPlayer_expectsFalse()" classname="logic.GameEngineTest" time="0.001"/>
  <testcase name="nextPlayerTest_expects1()" classname="logic.GameEngineTest" time="0.001"/>
  <testcase name="nextPlayerTest_expects2()" classname="logic.GameEngineTest" time="0.0"/>
  <testcase name="compareHandStrengthTestExpectFalse()" classname="logic.GameEngineTest" time="0.0"/>
  <testcase name="determineHandStrengthTestNada()" classname="logic.GameEngineTest" time="0.001"/>
  <testcase name="currentPlayerBetTest_bettingMoreThanPreviousPlayer_expectsTrue()" classname="logic.GameEngineTest" time="0.001"/>
  <testcase name="rerollCurrentPlayerTest2()" classname="logic.GameEngineTest" time="0.004"/>
  <testcase name="rerollCurrentPlayerTest3()" classname="logic.GameEngineTest" time="0.001"/>
  <testcase name="getListOfAllPlayersTest()" classname="logic.GameEngineTest" time="0.001"/>
  <testcase name="isBettingDoneTest_BetThenRaise_expectsFalse()" classname="logic.GameEngineTest" time="0.003"/>
  <testcase name="sortHandStrengthTieTest()" classname="logic.GameEngineTest" time="0.001"/>
  <testcase name="getPlayerTest_expect2()" classname="logic.GameEngineTest" time="0.001"/>
  <testcase name="getCurrentPlayerBetTest_expects0()" classname="logic.GameEngineTest" time="0.001"/>
  <testcase name="saveDataToFileTest(File)" classname="logic.GameEngineTest" time="0.044">
    <failure message="java.io.FileNotFoundException: C:\Users\Kamil\AppData\Local\Temp\junit18400833567009137983 (Åtkomst nekad)" type="java.io.FileNotFoundException">java.io.FileNotFoundException: C:\Users\Kamil\AppData\Local\Temp\junit18400833567009137983 (Åtkomst nekad)
	at java.base/java.io.FileOutputStream.open0(Native Method)
	at java.base/java.io.FileOutputStream.open(FileOutputStream.java:298)
	at java.base/java.io.FileOutputStream.&lt;init&gt;(FileOutputStream.java:237)
	at java.base/java.io.FileOutputStream.&lt;init&gt;(FileOutputStream.java:187)
	at java.base/java.io.PrintWriter.&lt;init&gt;(PrintWriter.java:309)
	at logic.GameEngine.saveDataToFile(GameEngine.java:520)
	at logic.GameEngineTest.saveDataToFileTest(GameEngineTest.java:790)
	at java.base/jdk.internal.reflect.NativeMethodAccessorImpl.invoke0(Native Method)
	at java.base/jdk.internal.reflect.NativeMethodAccessorImpl.invoke(NativeMethodAccessorImpl.java:62)
	at java.base/jdk.internal.reflect.DelegatingMethodAccessorImpl.invoke(DelegatingMethodAccessorImpl.java:43)
	at java.base/java.lang.reflect.Method.invoke(Method.java:566)
	at org.junit.platform.commons.util.ReflectionUtils.invokeMethod(ReflectionUtils.java:675)
	at org.junit.jupiter.engine.execution.MethodInvocation.proceed(MethodInvocation.java:60)
	at org.junit.jupiter.engine.execution.InvocationInterceptorChain$ValidatingInvocation.proceed(InvocationInterceptorChain.java:125)
	at org.junit.jupiter.engine.extension.TimeoutExtension.intercept(TimeoutExtension.java:132)
	at org.junit.jupiter.engine.extension.TimeoutExtension.interceptTestableMethod(TimeoutExtension.java:124)
	at org.junit.jupiter.engine.extension.TimeoutExtension.interceptTestMethod(TimeoutExtension.java:74)
	at org.junit.jupiter.engine.execution.ExecutableInvoker$ReflectiveInterceptorCall.lambda$ofVoidMethod$0(ExecutableInvoker.java:115)
	at org.junit.jupiter.engine.execution.ExecutableInvoker.lambda$invoke$0(ExecutableInvoker.java:105)
	at org.junit.jupiter.engine.execution.InvocationInterceptorChain$InterceptedInvocation.proceed(InvocationInterceptorChain.java:104)
	at org.junit.jupiter.engine.execution.InvocationInterceptorChain.proceed(InvocationInterceptorChain.java:62)
	at org.junit.jupiter.engine.execution.InvocationInterceptorChain.chainAndInvoke(InvocationInterceptorChain.java:43)
	at org.junit.jupiter.engine.execution.InvocationInterceptorChain.invoke(InvocationInterceptorChain.java:35)
	at org.junit.jupiter.engine.execution.ExecutableInvoker.invoke(ExecutableInvoker.java:104)
	at org.junit.jupiter.engine.execution.ExecutableInvoker.invoke(ExecutableInvoker.java:98)
	at org.junit.jupiter.engine.descriptor.TestMethodTestDescriptor.lambda$invokeTestMethod$6(TestMethodTestDescriptor.java:202)
	at org.junit.platform.engine.support.hierarchical.ThrowableCollector.execute(ThrowableCollector.java:73)
	at org.junit.jupiter.engine.descriptor.TestMethodTestDescriptor.invokeTestMethod(TestMethodTestDescriptor.java:198)
	at org.junit.jupiter.engine.descriptor.TestMethodTestDescriptor.execute(TestMethodTestDescriptor.java:135)
	at org.junit.jupiter.engine.descriptor.TestMethodTestDescriptor.execute(TestMethodTestDescriptor.java:69)
	at org.junit.platform.engine.support.hierarchical.NodeTestTask.lambda$executeRecursively$5(NodeTestTask.java:135)
	at org.junit.platform.engine.support.hierarchical.ThrowableCollector.execute(ThrowableCollector.java:73)
	at org.junit.platform.engine.support.hierarchical.NodeTestTask.lambda$executeRecursively$7(NodeTestTask.java:125)
	at org.junit.platform.engine.support.hierarchical.Node.around(Node.java:135)
	at org.junit.platform.engine.support.hierarchical.NodeTestTask.lambda$executeRecursively$8(NodeTestTask.java:123)
	at org.junit.platform.engine.support.hierarchical.ThrowableCollector.execute(ThrowableCollector.java:73)
	at org.junit.platform.engine.support.hierarchical.NodeTestTask.executeRecursively(NodeTestTask.java:122)
	at org.junit.platform.engine.support.hierarchical.NodeTestTask.execute(NodeTestTask.java:80)
	at java.base/java.util.ArrayList.forEach(ArrayList.java:1540)
	at org.junit.platform.engine.support.hierarchical.SameThreadHierarchicalTestExecutorService.invokeAll(SameThreadHierarchicalTestExecutorService.java:38)
	at org.junit.platform.engine.support.hierarchical.NodeTestTask.lambda$executeRecursively$5(NodeTestTask.java:139)
	at org.junit.platform.engine.support.hierarchical.ThrowableCollector.execute(ThrowableCollector.java:73)
	at org.junit.platform.engine.support.hierarchical.NodeTestTask.lambda$executeRecursively$7(NodeTestTask.java:125)
	at org.junit.platform.engine.support.hierarchical.Node.around(Node.java:135)
	at org.junit.platform.engine.support.hierarchical.NodeTestTask.lambda$executeRecursively$8(NodeTestTask.java:123)
	at org.junit.platform.engine.support.hierarchical.ThrowableCollector.execute(ThrowableCollector.java:73)
	at org.junit.platform.engine.support.hierarchical.NodeTestTask.executeRecursively(NodeTestTask.java:122)
	at org.junit.platform.engine.support.hierarchical.NodeTestTask.execute(NodeTestTask.java:80)
	at java.base/java.util.ArrayList.forEach(ArrayList.java:1540)
	at org.junit.platform.engine.support.hierarchical.SameThreadHierarchicalTestExecutorService.invokeAll(SameThreadHierarchicalTestExecutorService.java:38)
	at org.junit.platform.engine.support.hierarchical.NodeTestTask.lambda$executeRecursively$5(NodeTestTask.java:139)
	at org.junit.platform.engine.support.hierarchical.ThrowableCollector.execute(ThrowableCollector.java:73)
	at org.junit.platform.engine.support.hierarchical.NodeTestTask.lambda$executeRecursively$7(NodeTestTask.java:125)
	at org.junit.platform.engine.support.hierarchical.Node.around(Node.java:135)
	at org.junit.platform.engine.support.hierarchical.NodeTestTask.lambda$executeRecursively$8(NodeTestTask.java:123)
	at org.junit.platform.engine.support.hierarchical.ThrowableCollector.execute(ThrowableCollector.java:73)
	at org.junit.platform.engine.support.hierarchical.NodeTestTask.executeRecursively(NodeTestTask.java:122)
	at org.junit.platform.engine.support.hierarchical.NodeTestTask.execute(NodeTestTask.java:80)
	at org.junit.platform.engine.support.hierarchical.SameThreadHierarchicalTestExecutorService.submit(SameThreadHierarchicalTestExecutorService.java:32)
	at org.junit.platform.engine.support.hierarchical.HierarchicalTestExecutor.execute(HierarchicalTestExecutor.java:57)
	at org.junit.platform.engine.support.hierarchical.HierarchicalTestEngine.execute(HierarchicalTestEngine.java:51)
	at org.junit.platform.launcher.core.DefaultLauncher.execute(DefaultLauncher.java:220)
	at org.junit.platform.launcher.core.DefaultLauncher.lambda$execute$6(DefaultLauncher.java:188)
	at org.junit.platform.launcher.core.DefaultLauncher.withInterceptedStreams(DefaultLauncher.java:202)
	at org.junit.platform.launcher.core.DefaultLauncher.execute(DefaultLauncher.java:181)
	at org.junit.platform.launcher.core.DefaultLauncher.execute(DefaultLauncher.java:128)
	at org.gradle.api.internal.tasks.testing.junitplatform.JUnitPlatformTestClassProcessor$CollectAllTestClassesExecutor.processAllTestClasses(JUnitPlatformTestClassProcessor.java:102)
	at org.gradle.api.internal.tasks.testing.junitplatform.JUnitPlatformTestClassProcessor$CollectAllTestClassesExecutor.access$000(JUnitPlatformTestClassProcessor.java:82)
	at org.gradle.api.internal.tasks.testing.junitplatform.JUnitPlatformTestClassProcessor.stop(JUnitPlatformTestClassProcessor.java:78)
	at org.gradle.api.internal.tasks.testing.SuiteTestClassProcessor.stop(SuiteTestClassProcessor.java:61)
	at java.base/jdk.internal.reflect.NativeMethodAccessorImpl.invoke0(Native Method)
	at java.base/jdk.internal.reflect.NativeMethodAccessorImpl.invoke(NativeMethodAccessorImpl.java:62)
	at java.base/jdk.internal.reflect.DelegatingMethodAccessorImpl.invoke(DelegatingMethodAccessorImpl.java:43)
	at java.base/java.lang.reflect.Method.invoke(Method.java:566)
	at org.gradle.internal.dispatch.ReflectionDispatch.dispatch(ReflectionDispatch.java:35)
	at org.gradle.internal.dispatch.ReflectionDispatch.dispatch(ReflectionDispatch.java:24)
	at org.gradle.internal.dispatch.ContextClassLoaderDispatch.dispatch(ContextClassLoaderDispatch.java:32)
	at org.gradle.internal.dispatch.ProxyDispatchAdapter$DispatchingInvocationHandler.invoke(ProxyDispatchAdapter.java:93)
	at com.sun.proxy.$Proxy2.stop(Unknown Source)
	at org.gradle.api.internal.tasks.testing.worker.TestWorker.stop(TestWorker.java:132)
	at java.base/jdk.internal.reflect.NativeMethodAccessorImpl.invoke0(Native Method)
	at java.base/jdk.internal.reflect.NativeMethodAccessorImpl.invoke(NativeMethodAccessorImpl.java:62)
	at java.base/jdk.internal.reflect.DelegatingMethodAccessorImpl.invoke(DelegatingMethodAccessorImpl.java:43)
	at java.base/java.lang.reflect.Method.invoke(Method.java:566)
	at org.gradle.internal.dispatch.ReflectionDispatch.dispatch(ReflectionDispatch.java:35)
	at org.gradle.internal.dispatch.ReflectionDispatch.dispatch(ReflectionDispatch.java:24)
	at org.gradle.internal.remote.internal.hub.MessageHubBackedObjectConnection$DispatchWrapper.dispatch(MessageHubBackedObjectConnection.java:175)
	at org.gradle.internal.remote.internal.hub.MessageHubBackedObjectConnection$DispatchWrapper.dispatch(MessageHubBackedObjectConnection.java:157)
	at org.gradle.internal.remote.internal.hub.MessageHub$Handler.run(MessageHub.java:404)
	at org.gradle.internal.concurrent.ExecutorPolicy$CatchAndRecordFailures.onExecute(ExecutorPolicy.java:63)
	at org.gradle.internal.concurrent.ManagedExecutorImpl$1.run(ManagedExecutorImpl.java:46)
	at java.base/java.util.concurrent.ThreadPoolExecutor.runWorker(ThreadPoolExecutor.java:1128)
	at java.base/java.util.concurrent.ThreadPoolExecutor$Worker.run(ThreadPoolExecutor.java:628)
	at org.gradle.internal.concurrent.ThreadFactoryImpl$ManagedThreadRunnable.run(ThreadFactoryImpl.java:55)
	at java.base/java.lang.Thread.run(Thread.java:834)
</failure>
  </testcase>
  <testcase name="currentPlayerCall_expects20()" classname="logic.GameEngineTest" time="0.001"/>
  <testcase name="getCurrentPlayerCallingCostTest_BetThenRaiseThenCall_expects5()" classname="logic.GameEngineTest" time="0.001"/>
  <testcase name="setStateFromStorageStringTest()" classname="logic.GameEngineTest" time="0.036"/>
  <testcase name="isCurrentPlayerFirstPlayerTest_expectsFalse()" classname="logic.GameEngineTest" time="0.001"/>
  <testcase name="roundWinnerTest_expectsListOfSingle2()" classname="logic.GameEngineTest" time="0.002"/>
  <testcase name="currentPlayerAnteFalseTest()" classname="logic.GameEngineTest" time="0.001"/>
  <testcase name="determineHandStrengthTest3ofKind()" classname="logic.GameEngineTest" time="0.001"/>
  <testcase name="sortHandStrengthTest()" classname="logic.GameEngineTest" time="0.001"/>
  <testcase name="getCurrentPlayerCallingCostTest_BetThenCall_expects10()" classname="logic.GameEngineTest" time="0.0"/>
  <testcase name="getHighestBetTest_betThenRaise_expects15()" classname="logic.GameEngineTest" time="0.001"/>
  <testcase name="compareHandStrengthTestExpectTrue()" classname="logic.GameEngineTest" time="0.001"/>
  <testcase name="GameEngineConstructorHandlesAPlayerBeingNull()" classname="logic.GameEngineTest" time="0.001"/>
  <testcase name="getCurrentRoundTest_expects1()" classname="logic.GameEngineTest" time="0.0"/>
  <testcase name="roundWinnerTieTest_expectsListOf1and2()" classname="logic.GameEngineTest" time="0.011"/>
  <testcase name="rollCurrentPlayerTest_expectArrayOf5Ones()" classname="logic.GameEngineTest" time="0.009"/>
  <testcase name="getCurrentPlayerHandStrengthTest()" classname="logic.GameEngineTest" time="0.002"/>
  <testcase name="isBEttingDoneTest_BetThenCall_expectsTrue()" classname="logic.GameEngineTest" time="0.0"/>
  <testcase name="determineHandStrengthTest2Pair()" classname="logic.GameEngineTest" time="0.001"/>
  <testcase name="determineHandStrengthPairTest_2()" classname="logic.GameEngineTest" time="0.001"/>
  <testcase name="determineHandStrengthPairTest()" classname="logic.GameEngineTest" time="0.0"/>
  <testcase name="isPlayerWinnerTest_expectsFalse()" classname="logic.GameEngineTest" time="0.004"/>
  <testcase name="currentPlayerBetTest_expectsTrue()" classname="logic.GameEngineTest" time="0.0"/>
  <testcase name="determineHandStrengthTest4ofKind()" classname="logic.GameEngineTest" time="0.001"/>
  <testcase name="getHighestBetTest_NoBet_expects0()" classname="logic.GameEngineTest" time="0.003"/>
  <testcase name="currentPlayerAnteTrueTest()" classname="logic.GameEngineTest" time="0.0"/>
  <testcase name="compareHandStrengthTestTieExpectFalse()" classname="logic.GameEngineTest" time="0.001"/>
  <testcase name="getCurrentPlayerBet_expects10()" classname="logic.GameEngineTest" time="0.001"/>
  <testcase name="getCurrentPlayerBet_expects15()" classname="logic.GameEngineTest" time="0.001"/>
  <testcase name="createStorageStringTest()" classname="logic.GameEngineTest" time="0.001"/>
  <testcase name="currentPlayerFoldTest()" classname="logic.GameEngineTest" time="0.001"/>
  <testcase name="determineHandStrengthTestStraight()" classname="logic.GameEngineTest" time="0.001"/>
  <testcase name="isCurrentPlayerLastTest_expectsFalse()" classname="logic.GameEngineTest" time="0.001"/>
  <testcase name="eliminateCurrentPlayerTest_expectsStringb()" classname="logic.GameEngineTest" time="0.001"/>
  <testcase name="nextRoundTest_expectsRound5()" classname="logic.GameEngineTest" time="0.001"/>
  <testcase name="determineHandStrengthTest5ofKind()" classname="logic.GameEngineTest" time="0.001"/>
  <testcase name="isPlayerWinnerTest_expectsTrue()" classname="logic.GameEngineTest" time="0.0"/>
  <testcase name="getHighestBetTest_expects10()" classname="logic.GameEngineTest" time="0.0"/>
  <testcase name="getCurrentPlayerBet_newRound_expects10()" classname="logic.GameEngineTest" time="0.0"/>
  <testcase name="isCurrentPlayerFirstPlayerTest_expectsTrue()" classname="logic.GameEngineTest" time="0.001"/>
  <testcase name="rerollCurrentPlayerTest()" classname="logic.GameEngineTest" time="0.001"/>
  <system-out><![CDATA[The player must bet more than the previous max bet!
LBPN: 1
The player cannot afford this bet!
Calling cost for this player is 5
The player must bet more than the previous max bet!
Calling cost for this player is 10
1 
moo
2 
moo
3 
moo
4 
moo
0	1	0	100	1	1
Mee
10 20 30 40
Mee
CPP: 1 FPP: 0
LBPN: 2
Calling cost for this player is 10
LBPN: 1
LBPN: 1
CPP: 0 FPP: 0
]]></system-out>
  <system-err><![CDATA[]]></system-err>
</testsuite>
